Build output check failed:
    Regex: 'argument .* is not valid'
    Output line: 'cc1: warning: ‘-Werror=’ argument ‘-Werror=non-virtual-dtor’ is not valid for C'
Compilation failed:
    source file: '/home/jetson/SourceCode/workspace/opencv-4.5.0/release/CMakeFiles/CMakeTmp/src.c'
    check option: ' -fsigned-char -W -Wall -Werror=return-type  -Werror=non-virtual-dtor'
===== BUILD LOG =====
Change Dir: /home/jetson/SourceCode/workspace/opencv-4.5.0/release/CMakeFiles/CMakeTmp

Run Build Command:"/usr/bin/make" "cmTC_80d16/fast"
/usr/bin/make -f CMakeFiles/cmTC_80d16.dir/build.make CMakeFiles/cmTC_80d16.dir/build
make[1]: Entering directory '/home/jetson/SourceCode/workspace/opencv-4.5.0/release/CMakeFiles/CMakeTmp'
Building C object CMakeFiles/cmTC_80d16.dir/src.c.o
/usr/bin/cc   -O3 -DNDEBUG -fPIE   -fsigned-char -W -Wall -Werror=return-type -Werror=non-virtual-dtor -o CMakeFiles/cmTC_80d16.dir/src.c.o   -c /home/jetson/SourceCode/workspace/opencv-4.5.0/release/CMakeFiles/CMakeTmp/src.c
cc1: warning: ‘-Werror=’ argument ‘-Werror=non-virtual-dtor’ is not valid for C
/home/jetson/SourceCode/workspace/opencv-4.5.0/release/CMakeFiles/CMakeTmp/src.c:1:0: warning: ignoring #pragma   [-Wunknown-pragmas]
 #pragma
 
Linking C executable cmTC_80d16
/usr/bin/cmake -E cmake_link_script CMakeFiles/cmTC_80d16.dir/link.txt --verbose=1
/usr/bin/cc   -O3 -DNDEBUG    CMakeFiles/cmTC_80d16.dir/src.c.o  -o cmTC_80d16 
make[1]: Leaving directory '/home/jetson/SourceCode/workspace/opencv-4.5.0/release/CMakeFiles/CMakeTmp'

===== END =====

Build output check failed:
    Regex: 'command[- ]line option .* is valid for .* but not for C\+\+'
    Output line: 'cc1plus: warning: command line option ‘-Wmissing-prototypes’ is valid for C/ObjC but not for C++'
Compilation failed:
    source file: '/home/jetson/SourceCode/workspace/opencv-4.5.0/release/CMakeFiles/CMakeTmp/src.cxx'
    check option: ' -fsigned-char -W -Wall -Werror=return-type -Werror=non-virtual-dtor -Werror=address -Werror=sequence-point -Wformat -Werror=format-security -Wmissing-declarations  -Wmissing-prototypes'
===== BUILD LOG =====
Change Dir: /home/jetson/SourceCode/workspace/opencv-4.5.0/release/CMakeFiles/CMakeTmp

Run Build Command:"/usr/bin/make" "cmTC_1705c/fast"
/usr/bin/make -f CMakeFiles/cmTC_1705c.dir/build.make CMakeFiles/cmTC_1705c.dir/build
make[1]: Entering directory '/home/jetson/SourceCode/workspace/opencv-4.5.0/release/CMakeFiles/CMakeTmp'
Building CXX object CMakeFiles/cmTC_1705c.dir/src.cxx.o
/usr/bin/c++    -O3 -DNDEBUG -fPIE   -fsigned-char -W -Wall -Werror=return-type -Werror=non-virtual-dtor -Werror=address -Werror=sequence-point -Wformat -Werror=format-security -Wmissing-declarations -Wmissing-prototypes -std=c++11 -o CMakeFiles/cmTC_1705c.dir/src.cxx.o -c /home/jetson/SourceCode/workspace/opencv-4.5.0/release/CMakeFiles/CMakeTmp/src.cxx
cc1plus: warning: command line option ‘-Wmissing-prototypes’ is valid for C/ObjC but not for C++
/home/jetson/SourceCode/workspace/opencv-4.5.0/release/CMakeFiles/CMakeTmp/src.cxx:1:0: warning: ignoring #pragma   [-Wunknown-pragmas]
 #pragma
 
Linking CXX executable cmTC_1705c
/usr/bin/cmake -E cmake_link_script CMakeFiles/cmTC_1705c.dir/link.txt --verbose=1
/usr/bin/c++    -O3 -DNDEBUG    CMakeFiles/cmTC_1705c.dir/src.cxx.o  -o cmTC_1705c 
make[1]: Leaving directory '/home/jetson/SourceCode/workspace/opencv-4.5.0/release/CMakeFiles/CMakeTmp'

===== END =====

Build output check failed:
    Regex: 'command[- ]line option .* is valid for .* but not for C\+\+'
    Output line: 'cc1plus: warning: command line option ‘-Wstrict-prototypes’ is valid for C/ObjC but not for C++'
Compilation failed:
    source file: '/home/jetson/SourceCode/workspace/opencv-4.5.0/release/CMakeFiles/CMakeTmp/src.cxx'
    check option: ' -fsigned-char -W -Wall -Werror=return-type -Werror=non-virtual-dtor -Werror=address -Werror=sequence-point -Wformat -Werror=format-security -Wmissing-declarations  -Wstrict-prototypes'
===== BUILD LOG =====
Change Dir: /home/jetson/SourceCode/workspace/opencv-4.5.0/release/CMakeFiles/CMakeTmp

Run Build Command:"/usr/bin/make" "cmTC_90d7f/fast"
/usr/bin/make -f CMakeFiles/cmTC_90d7f.dir/build.make CMakeFiles/cmTC_90d7f.dir/build
make[1]: Entering directory '/home/jetson/SourceCode/workspace/opencv-4.5.0/release/CMakeFiles/CMakeTmp'
Building CXX object CMakeFiles/cmTC_90d7f.dir/src.cxx.o
/usr/bin/c++    -O3 -DNDEBUG -fPIE   -fsigned-char -W -Wall -Werror=return-type -Werror=non-virtual-dtor -Werror=address -Werror=sequence-point -Wformat -Werror=format-security -Wmissing-declarations -Wstrict-prototypes -std=c++11 -o CMakeFiles/cmTC_90d7f.dir/src.cxx.o -c /home/jetson/SourceCode/workspace/opencv-4.5.0/release/CMakeFiles/CMakeTmp/src.cxx
cc1plus: warning: command line option ‘-Wstrict-prototypes’ is valid for C/ObjC but not for C++
/home/jetson/SourceCode/workspace/opencv-4.5.0/release/CMakeFiles/CMakeTmp/src.cxx:1:0: warning: ignoring #pragma   [-Wunknown-pragmas]
 #pragma
 
Linking CXX executable cmTC_90d7f
/usr/bin/cmake -E cmake_link_script CMakeFiles/cmTC_90d7f.dir/link.txt --verbose=1
/usr/bin/c++    -O3 -DNDEBUG    CMakeFiles/cmTC_90d7f.dir/src.cxx.o  -o cmTC_90d7f 
make[1]: Leaving directory '/home/jetson/SourceCode/workspace/opencv-4.5.0/release/CMakeFiles/CMakeTmp'

===== END =====

Build output check failed:
    Regex: 'command[- ]line option .* is valid for .* but not for C'
    Output line: 'cc1: warning: command line option ‘-Wsign-promo’ is valid for C++/ObjC++ but not for C'
Compilation failed:
    source file: '/home/jetson/SourceCode/workspace/opencv-4.5.0/release/CMakeFiles/CMakeTmp/src.c'
    check option: ' -fsigned-char -W -Wall -Werror=return-type -Werror=address -Werror=sequence-point -Wformat -Werror=format-security -Wmissing-declarations -Wmissing-prototypes -Wstrict-prototypes -Wundef -Winit-self -Wpointer-arith -Wshadow  -Wsign-promo'
===== BUILD LOG =====
Change Dir: /home/jetson/SourceCode/workspace/opencv-4.5.0/release/CMakeFiles/CMakeTmp

Run Build Command:"/usr/bin/make" "cmTC_a0a0d/fast"
/usr/bin/make -f CMakeFiles/cmTC_a0a0d.dir/build.make CMakeFiles/cmTC_a0a0d.dir/build
make[1]: Entering directory '/home/jetson/SourceCode/workspace/opencv-4.5.0/release/CMakeFiles/CMakeTmp'
Building C object CMakeFiles/cmTC_a0a0d.dir/src.c.o
/usr/bin/cc   -O3 -DNDEBUG -fPIE   -fsigned-char -W -Wall -Werror=return-type -Werror=address -Werror=sequence-point -Wformat -Werror=format-security -Wmissing-declarations -Wmissing-prototypes -Wstrict-prototypes -Wundef -Winit-self -Wpointer-arith -Wshadow -Wsign-promo -o CMakeFiles/cmTC_a0a0d.dir/src.c.o   -c /home/jetson/SourceCode/workspace/opencv-4.5.0/release/CMakeFiles/CMakeTmp/src.c
cc1: warning: command line option ‘-Wsign-promo’ is valid for C++/ObjC++ but not for C
/home/jetson/SourceCode/workspace/opencv-4.5.0/release/CMakeFiles/CMakeTmp/src.c:1:0: warning: ignoring #pragma   [-Wunknown-pragmas]
 #pragma
 
Linking C executable cmTC_a0a0d
/usr/bin/cmake -E cmake_link_script CMakeFiles/cmTC_a0a0d.dir/link.txt --verbose=1
/usr/bin/cc   -O3 -DNDEBUG    CMakeFiles/cmTC_a0a0d.dir/src.c.o  -o cmTC_a0a0d 
make[1]: Leaving directory '/home/jetson/SourceCode/workspace/opencv-4.5.0/release/CMakeFiles/CMakeTmp'

===== END =====

Build output check failed:
    Regex: 'command[- ]line option .* is valid for .* but not for C'
    Output line: 'cc1: warning: command line option ‘-Wsuggest-override’ is valid for C++/ObjC++ but not for C'
Compilation failed:
    source file: '/home/jetson/SourceCode/workspace/opencv-4.5.0/release/CMakeFiles/CMakeTmp/src.c'
    check option: ' -fsigned-char -W -Wall -Werror=return-type -Werror=address -Werror=sequence-point -Wformat -Werror=format-security -Wmissing-declarations -Wmissing-prototypes -Wstrict-prototypes -Wundef -Winit-self -Wpointer-arith -Wshadow -Wuninitialized -Winit-self  -Wsuggest-override'
===== BUILD LOG =====
Change Dir: /home/jetson/SourceCode/workspace/opencv-4.5.0/release/CMakeFiles/CMakeTmp

Run Build Command:"/usr/bin/make" "cmTC_8bba6/fast"
/usr/bin/make -f CMakeFiles/cmTC_8bba6.dir/build.make CMakeFiles/cmTC_8bba6.dir/build
make[1]: Entering directory '/home/jetson/SourceCode/workspace/opencv-4.5.0/release/CMakeFiles/CMakeTmp'
Building C object CMakeFiles/cmTC_8bba6.dir/src.c.o
/usr/bin/cc   -O3 -DNDEBUG -fPIE   -fsigned-char -W -Wall -Werror=return-type -Werror=address -Werror=sequence-point -Wformat -Werror=format-security -Wmissing-declarations -Wmissing-prototypes -Wstrict-prototypes -Wundef -Winit-self -Wpointer-arith -Wshadow -Wuninitialized -Winit-self -Wsuggest-override -o CMakeFiles/cmTC_8bba6.dir/src.c.o   -c /home/jetson/SourceCode/workspace/opencv-4.5.0/release/CMakeFiles/CMakeTmp/src.c
cc1: warning: command line option ‘-Wsuggest-override’ is valid for C++/ObjC++ but not for C
/home/jetson/SourceCode/workspace/opencv-4.5.0/release/CMakeFiles/CMakeTmp/src.c:1:0: warning: ignoring #pragma   [-Wunknown-pragmas]
 #pragma
 
Linking C executable cmTC_8bba6
/usr/bin/cmake -E cmake_link_script CMakeFiles/cmTC_8bba6.dir/link.txt --verbose=1
/usr/bin/cc   -O3 -DNDEBUG    CMakeFiles/cmTC_8bba6.dir/src.c.o  -o cmTC_8bba6 
make[1]: Leaving directory '/home/jetson/SourceCode/workspace/opencv-4.5.0/release/CMakeFiles/CMakeTmp'

===== END =====

Build output check failed:
    Regex: 'command[- ]line option .* is valid for .* but not for C'
    Output line: 'cc1: warning: command line option ‘-Wno-delete-non-virtual-dtor’ is valid for C++/ObjC++ but not for C'
Compilation failed:
    source file: '/home/jetson/SourceCode/workspace/opencv-4.5.0/release/CMakeFiles/CMakeTmp/src.c'
    check option: ' -fsigned-char -W -Wall -Werror=return-type -Werror=address -Werror=sequence-point -Wformat -Werror=format-security -Wmissing-declarations -Wmissing-prototypes -Wstrict-prototypes -Wundef -Winit-self -Wpointer-arith -Wshadow -Wuninitialized -Winit-self  -Wno-delete-non-virtual-dtor'
===== BUILD LOG =====
Change Dir: /home/jetson/SourceCode/workspace/opencv-4.5.0/release/CMakeFiles/CMakeTmp

Run Build Command:"/usr/bin/make" "cmTC_ae1d8/fast"
/usr/bin/make -f CMakeFiles/cmTC_ae1d8.dir/build.make CMakeFiles/cmTC_ae1d8.dir/build
make[1]: Entering directory '/home/jetson/SourceCode/workspace/opencv-4.5.0/release/CMakeFiles/CMakeTmp'
Building C object CMakeFiles/cmTC_ae1d8.dir/src.c.o
/usr/bin/cc   -O3 -DNDEBUG -fPIE   -fsigned-char -W -Wall -Werror=return-type -Werror=address -Werror=sequence-point -Wformat -Werror=format-security -Wmissing-declarations -Wmissing-prototypes -Wstrict-prototypes -Wundef -Winit-self -Wpointer-arith -Wshadow -Wuninitialized -Winit-self -Wno-delete-non-virtual-dtor -o CMakeFiles/cmTC_ae1d8.dir/src.c.o   -c /home/jetson/SourceCode/workspace/opencv-4.5.0/release/CMakeFiles/CMakeTmp/src.c
cc1: warning: command line option ‘-Wno-delete-non-virtual-dtor’ is valid for C++/ObjC++ but not for C
/home/jetson/SourceCode/workspace/opencv-4.5.0/release/CMakeFiles/CMakeTmp/src.c:1:0: warning: ignoring #pragma   [-Wunknown-pragmas]
 #pragma
 
Linking C executable cmTC_ae1d8
/usr/bin/cmake -E cmake_link_script CMakeFiles/cmTC_ae1d8.dir/link.txt --verbose=1
/usr/bin/cc   -O3 -DNDEBUG    CMakeFiles/cmTC_ae1d8.dir/src.c.o  -o cmTC_ae1d8 
make[1]: Leaving directory '/home/jetson/SourceCode/workspace/opencv-4.5.0/release/CMakeFiles/CMakeTmp'

===== END =====

Build output check failed:
    Regex: 'unrecognized .*option'
    Output line: 'cc1plus: warning: unrecognized command line option ‘-Wno-unnamed-type-template-args’'
Compilation failed:
    source file: '/home/jetson/SourceCode/workspace/opencv-4.5.0/release/CMakeFiles/CMakeTmp/src.cxx'
    check option: ' -fsigned-char -W -Wall -Werror=return-type -Werror=non-virtual-dtor -Werror=address -Werror=sequence-point -Wformat -Werror=format-security -Wmissing-declarations -Wundef -Winit-self -Wpointer-arith -Wshadow -Wsign-promo -Wuninitialized -Winit-self -Wsuggest-override -Wno-delete-non-virtual-dtor  -Wno-unnamed-type-template-args'
===== BUILD LOG =====
Change Dir: /home/jetson/SourceCode/workspace/opencv-4.5.0/release/CMakeFiles/CMakeTmp

Run Build Command:"/usr/bin/make" "cmTC_6c070/fast"
/usr/bin/make -f CMakeFiles/cmTC_6c070.dir/build.make CMakeFiles/cmTC_6c070.dir/build
make[1]: Entering directory '/home/jetson/SourceCode/workspace/opencv-4.5.0/release/CMakeFiles/CMakeTmp'
Building CXX object CMakeFiles/cmTC_6c070.dir/src.cxx.o
/usr/bin/c++    -O3 -DNDEBUG -fPIE   -fsigned-char -W -Wall -Werror=return-type -Werror=non-virtual-dtor -Werror=address -Werror=sequence-point -Wformat -Werror=format-security -Wmissing-declarations -Wundef -Winit-self -Wpointer-arith -Wshadow -Wsign-promo -Wuninitialized -Winit-self -Wsuggest-override -Wno-delete-non-virtual-dtor -Wno-unnamed-type-template-args -std=c++11 -o CMakeFiles/cmTC_6c070.dir/src.cxx.o -c /home/jetson/SourceCode/workspace/opencv-4.5.0/release/CMakeFiles/CMakeTmp/src.cxx
/home/jetson/SourceCode/workspace/opencv-4.5.0/release/CMakeFiles/CMakeTmp/src.cxx:1:0: warning: ignoring #pragma   [-Wunknown-pragmas]
 #pragma
 
cc1plus: warning: unrecognized command line option ‘-Wno-unnamed-type-template-args’
Linking CXX executable cmTC_6c070
/usr/bin/cmake -E cmake_link_script CMakeFiles/cmTC_6c070.dir/link.txt --verbose=1
/usr/bin/c++    -O3 -DNDEBUG    CMakeFiles/cmTC_6c070.dir/src.cxx.o  -o cmTC_6c070 
make[1]: Leaving directory '/home/jetson/SourceCode/workspace/opencv-4.5.0/release/CMakeFiles/CMakeTmp'

===== END =====

Build output check failed:
    Regex: 'unrecognized .*option'
    Output line: 'cc1: warning: unrecognized command line option ‘-Wno-unnamed-type-template-args’'
Compilation failed:
    source file: '/home/jetson/SourceCode/workspace/opencv-4.5.0/release/CMakeFiles/CMakeTmp/src.c'
    check option: ' -fsigned-char -W -Wall -Werror=return-type -Werror=address -Werror=sequence-point -Wformat -Werror=format-security -Wmissing-declarations -Wmissing-prototypes -Wstrict-prototypes -Wundef -Winit-self -Wpointer-arith -Wshadow -Wuninitialized -Winit-self  -Wno-unnamed-type-template-args'
===== BUILD LOG =====
Change Dir: /home/jetson/SourceCode/workspace/opencv-4.5.0/release/CMakeFiles/CMakeTmp

Run Build Command:"/usr/bin/make" "cmTC_0c59b/fast"
/usr/bin/make -f CMakeFiles/cmTC_0c59b.dir/build.make CMakeFiles/cmTC_0c59b.dir/build
make[1]: Entering directory '/home/jetson/SourceCode/workspace/opencv-4.5.0/release/CMakeFiles/CMakeTmp'
Building C object CMakeFiles/cmTC_0c59b.dir/src.c.o
/usr/bin/cc   -O3 -DNDEBUG -fPIE   -fsigned-char -W -Wall -Werror=return-type -Werror=address -Werror=sequence-point -Wformat -Werror=format-security -Wmissing-declarations -Wmissing-prototypes -Wstrict-prototypes -Wundef -Winit-self -Wpointer-arith -Wshadow -Wuninitialized -Winit-self -Wno-unnamed-type-template-args -o CMakeFiles/cmTC_0c59b.dir/src.c.o   -c /home/jetson/SourceCode/workspace/opencv-4.5.0/release/CMakeFiles/CMakeTmp/src.c
/home/jetson/SourceCode/workspace/opencv-4.5.0/release/CMakeFiles/CMakeTmp/src.c:1:0: warning: ignoring #pragma   [-Wunknown-pragmas]
 #pragma
 
cc1: warning: unrecognized command line option ‘-Wno-unnamed-type-template-args’
Linking C executable cmTC_0c59b
/usr/bin/cmake -E cmake_link_script CMakeFiles/cmTC_0c59b.dir/link.txt --verbose=1
/usr/bin/cc   -O3 -DNDEBUG    CMakeFiles/cmTC_0c59b.dir/src.c.o  -o cmTC_0c59b 
make[1]: Leaving directory '/home/jetson/SourceCode/workspace/opencv-4.5.0/release/CMakeFiles/CMakeTmp'

===== END =====

Build output check failed:
    Regex: 'command[- ]line option .* is valid for .* but not for C'
    Output line: 'cc1: warning: command line option ‘-fvisibility-inlines-hidden’ is valid for C++/ObjC++ but not for C'
Compilation failed:
    source file: '/home/jetson/SourceCode/workspace/opencv-4.5.0/release/CMakeFiles/CMakeTmp/src.c'
    check option: ' -fsigned-char -W -Wall -Werror=return-type -Werror=address -Werror=sequence-point -Wformat -Werror=format-security -Wmissing-declarations -Wmissing-prototypes -Wstrict-prototypes -Wundef -Winit-self -Wpointer-arith -Wshadow -Wuninitialized -Winit-self -Wno-comment -Wimplicit-fallthrough=3 -Wno-strict-overflow -fdiagnostics-show-option -pthread -fomit-frame-pointer -ffunction-sections -fdata-sections    -fvisibility=hidden  -fvisibility-inlines-hidden'
===== BUILD LOG =====
Change Dir: /home/jetson/SourceCode/workspace/opencv-4.5.0/release/CMakeFiles/CMakeTmp

Run Build Command:"/usr/bin/make" "cmTC_04ed4/fast"
/usr/bin/make -f CMakeFiles/cmTC_04ed4.dir/build.make CMakeFiles/cmTC_04ed4.dir/build
make[1]: Entering directory '/home/jetson/SourceCode/workspace/opencv-4.5.0/release/CMakeFiles/CMakeTmp'
Building C object CMakeFiles/cmTC_04ed4.dir/src.c.o
/usr/bin/cc   -O3 -DNDEBUG -fPIE   -fsigned-char -W -Wall -Werror=return-type -Werror=address -Werror=sequence-point -Wformat -Werror=format-security -Wmissing-declarations -Wmissing-prototypes -Wstrict-prototypes -Wundef -Winit-self -Wpointer-arith -Wshadow -Wuninitialized -Winit-self -Wno-comment -Wimplicit-fallthrough=3 -Wno-strict-overflow -fdiagnostics-show-option -pthread -fomit-frame-pointer -ffunction-sections -fdata-sections -fvisibility=hidden -fvisibility-inlines-hidden -o CMakeFiles/cmTC_04ed4.dir/src.c.o   -c /home/jetson/SourceCode/workspace/opencv-4.5.0/release/CMakeFiles/CMakeTmp/src.c
cc1: warning: command line option ‘-fvisibility-inlines-hidden’ is valid for C++/ObjC++ but not for C
/home/jetson/SourceCode/workspace/opencv-4.5.0/release/CMakeFiles/CMakeTmp/src.c:1:0: warning: ignoring #pragma   [-Wunknown-pragmas]
 #pragma
 
Linking C executable cmTC_04ed4
/usr/bin/cmake -E cmake_link_script CMakeFiles/cmTC_04ed4.dir/link.txt --verbose=1
/usr/bin/cc   -O3 -DNDEBUG    CMakeFiles/cmTC_04ed4.dir/src.c.o  -o cmTC_04ed4 
make[1]: Leaving directory '/home/jetson/SourceCode/workspace/opencv-4.5.0/release/CMakeFiles/CMakeTmp'

===== END =====

Determining if the _aligned_malloc exist failed with the following output:
Change Dir: /home/jetson/SourceCode/workspace/opencv-4.5.0/release/CMakeFiles/CMakeTmp

Run Build Command:"/usr/bin/make" "cmTC_d794c/fast"
/usr/bin/make -f CMakeFiles/cmTC_d794c.dir/build.make CMakeFiles/cmTC_d794c.dir/build
make[1]: Entering directory '/home/jetson/SourceCode/workspace/opencv-4.5.0/release/CMakeFiles/CMakeTmp'
Building C object CMakeFiles/cmTC_d794c.dir/CheckSymbolExists.c.o
/usr/bin/cc   -fsigned-char -W -Wall -Werror=return-type -Werror=address -Werror=sequence-point -Wformat -Werror=format-security -Wmissing-declarations -Wmissing-prototypes -Wstrict-prototypes -Wundef -Winit-self -Wpointer-arith -Wshadow -Wuninitialized -Winit-self -Wno-comment -Wimplicit-fallthrough=3 -Wno-strict-overflow -fdiagnostics-show-option -pthread -fomit-frame-pointer -ffunction-sections -fdata-sections    -fvisibility=hidden  -O3 -DNDEBUG  -DNDEBUG -fPIE   -o CMakeFiles/cmTC_d794c.dir/CheckSymbolExists.c.o   -c /home/jetson/SourceCode/workspace/opencv-4.5.0/release/CMakeFiles/CMakeTmp/CheckSymbolExists.c
/home/jetson/SourceCode/workspace/opencv-4.5.0/release/CMakeFiles/CMakeTmp/CheckSymbolExists.c: In function ‘main’:
/home/jetson/SourceCode/workspace/opencv-4.5.0/release/CMakeFiles/CMakeTmp/CheckSymbolExists.c:8:19: error: ‘_aligned_malloc’ undeclared (first use in this function); did you mean ‘__builtin_malloc’?
   return ((int*)(&_aligned_malloc))[argc];
                   ^~~~~~~~~~~~~~~
                   __builtin_malloc
/home/jetson/SourceCode/workspace/opencv-4.5.0/release/CMakeFiles/CMakeTmp/CheckSymbolExists.c:8:19: note: each undeclared identifier is reported only once for each function it appears in
/home/jetson/SourceCode/workspace/opencv-4.5.0/release/CMakeFiles/CMakeTmp/CheckSymbolExists.c:4:14: warning: parameter ‘argc’ set but not used [-Wunused-but-set-parameter]
 int main(int argc, char** argv)
              ^~~~
CMakeFiles/cmTC_d794c.dir/build.make:65: recipe for target 'CMakeFiles/cmTC_d794c.dir/CheckSymbolExists.c.o' failed
make[1]: *** [CMakeFiles/cmTC_d794c.dir/CheckSymbolExists.c.o] Error 1
make[1]: Leaving directory '/home/jetson/SourceCode/workspace/opencv-4.5.0/release/CMakeFiles/CMakeTmp'
Makefile:126: recipe for target 'cmTC_d794c/fast' failed
make: *** [cmTC_d794c/fast] Error 2

File /home/jetson/SourceCode/workspace/opencv-4.5.0/release/CMakeFiles/CMakeTmp/CheckSymbolExists.c:
/* */
#include <malloc.h>

int main(int argc, char** argv)
{
  (void)argv;
#ifndef _aligned_malloc
  return ((int*)(&_aligned_malloc))[argc];
#else
  (void)argc;
  return 0;
#endif
}

Build output check failed:
    Regex: 'unrecognized .*option'
    Output line: 'cc1: warning: unrecognized command line option ‘-Wno-cast-function-type’'
Compilation failed:
    source file: '/home/jetson/SourceCode/workspace/opencv-4.5.0/release/CMakeFiles/CMakeTmp/src.c'
    check option: ' -Wno-cast-function-type'
===== BUILD LOG =====
Change Dir: /home/jetson/SourceCode/workspace/opencv-4.5.0/release/CMakeFiles/CMakeTmp

Run Build Command:"/usr/bin/make" "cmTC_57517/fast"
/usr/bin/make -f CMakeFiles/cmTC_57517.dir/build.make CMakeFiles/cmTC_57517.dir/build
make[1]: Entering directory '/home/jetson/SourceCode/workspace/opencv-4.5.0/release/CMakeFiles/CMakeTmp'
Building C object CMakeFiles/cmTC_57517.dir/src.c.o
/usr/bin/cc   -fsigned-char -W -Wall -Werror=return-type -Werror=address -Werror=sequence-point -Wformat -Werror=format-security -Wmissing-declarations -Wmissing-prototypes -Winit-self -Wpointer-arith -Wshadow -Wuninitialized -Winit-self -Wno-comment -Wimplicit-fallthrough=3 -Wno-strict-overflow -fdiagnostics-show-option -pthread -fomit-frame-pointer -ffunction-sections -fdata-sections    -fvisibility=hidden -Wno-undef -Wno-strict-prototypes  -O3 -DNDEBUG  -DNDEBUG -fPIE   -Wno-cast-function-type -o CMakeFiles/cmTC_57517.dir/src.c.o   -c /home/jetson/SourceCode/workspace/opencv-4.5.0/release/CMakeFiles/CMakeTmp/src.c
/home/jetson/SourceCode/workspace/opencv-4.5.0/release/CMakeFiles/CMakeTmp/src.c:1:0: warning: ignoring #pragma   [-Wunknown-pragmas]
 #pragma
 
cc1: warning: unrecognized command line option ‘-Wno-cast-function-type’
Linking C executable cmTC_57517
/usr/bin/cmake -E cmake_link_script CMakeFiles/cmTC_57517.dir/link.txt --verbose=1
/usr/bin/cc    -fsigned-char -W -Wall -Werror=return-type -Werror=address -Werror=sequence-point -Wformat -Werror=format-security -Wmissing-declarations -Wmissing-prototypes -Winit-self -Wpointer-arith -Wshadow -Wuninitialized -Winit-self -Wno-comment -Wimplicit-fallthrough=3 -Wno-strict-overflow -fdiagnostics-show-option -pthread -fomit-frame-pointer -ffunction-sections -fdata-sections    -fvisibility=hidden -Wno-undef -Wno-strict-prototypes  -O3 -DNDEBUG  -DNDEBUG    -Wl,--gc-sections -Wl,--as-needed  CMakeFiles/cmTC_57517.dir/src.c.o  -o cmTC_57517 
make[1]: Leaving directory '/home/jetson/SourceCode/workspace/opencv-4.5.0/release/CMakeFiles/CMakeTmp'

===== END =====

Build output check failed:
    Regex: 'unrecognized .*option'
    Output line: 'cc1plus: warning: unrecognized command line option ‘-Wno-inconsistent-missing-override’'
Compilation failed:
    source file: '/home/jetson/SourceCode/workspace/opencv-4.5.0/release/CMakeFiles/CMakeTmp/src.cxx'
    check option: ' -Wno-inconsistent-missing-override'
===== BUILD LOG =====
Change Dir: /home/jetson/SourceCode/workspace/opencv-4.5.0/release/CMakeFiles/CMakeTmp

Run Build Command:"/usr/bin/make" "cmTC_80dda/fast"
/usr/bin/make -f CMakeFiles/cmTC_80dda.dir/build.make CMakeFiles/cmTC_80dda.dir/build
make[1]: Entering directory '/home/jetson/SourceCode/workspace/opencv-4.5.0/release/CMakeFiles/CMakeTmp'
Building CXX object CMakeFiles/cmTC_80dda.dir/src.cxx.o
/usr/bin/c++    -fsigned-char -W -Wall -Werror=return-type -Werror=non-virtual-dtor -Werror=address -Werror=sequence-point -Wformat -Werror=format-security -Winit-self -Wpointer-arith -Wsign-promo -Winit-self -Wno-delete-non-virtual-dtor -Wno-comment -Wimplicit-fallthrough=3 -Wno-strict-overflow -fdiagnostics-show-option -pthread -fomit-frame-pointer -ffunction-sections -fdata-sections    -fvisibility=hidden -fvisibility-inlines-hidden -Wno-shadow -Wno-unused -Wno-sign-compare -Wno-undef -Wno-missing-declarations -Wno-uninitialized -Wno-switch -Wno-parentheses -Wno-array-bounds -Wno-extra -Wno-deprecated-declarations -Wno-misleading-indentation -Wno-deprecated -Wno-suggest-override  -O3 -DNDEBUG  -DNDEBUG -fPIE   -Wno-inconsistent-missing-override -std=c++11 -o CMakeFiles/cmTC_80dda.dir/src.cxx.o -c /home/jetson/SourceCode/workspace/opencv-4.5.0/release/CMakeFiles/CMakeTmp/src.cxx
/home/jetson/SourceCode/workspace/opencv-4.5.0/release/CMakeFiles/CMakeTmp/src.cxx:1:0: warning: ignoring #pragma   [-Wunknown-pragmas]
 #pragma
 
cc1plus: warning: unrecognized command line option ‘-Wno-inconsistent-missing-override’
Linking CXX executable cmTC_80dda
/usr/bin/cmake -E cmake_link_script CMakeFiles/cmTC_80dda.dir/link.txt --verbose=1
/usr/bin/c++     -fsigned-char -W -Wall -Werror=return-type -Werror=non-virtual-dtor -Werror=address -Werror=sequence-point -Wformat -Werror=format-security -Winit-self -Wpointer-arith -Wsign-promo -Winit-self -Wno-delete-non-virtual-dtor -Wno-comment -Wimplicit-fallthrough=3 -Wno-strict-overflow -fdiagnostics-show-option -pthread -fomit-frame-pointer -ffunction-sections -fdata-sections    -fvisibility=hidden -fvisibility-inlines-hidden -Wno-shadow -Wno-unused -Wno-sign-compare -Wno-undef -Wno-missing-declarations -Wno-uninitialized -Wno-switch -Wno-parentheses -Wno-array-bounds -Wno-extra -Wno-deprecated-declarations -Wno-misleading-indentation -Wno-deprecated -Wno-suggest-override  -O3 -DNDEBUG  -DNDEBUG    -Wl,--gc-sections -Wl,--as-needed  CMakeFiles/cmTC_80dda.dir/src.cxx.o  -o cmTC_80dda 
make[1]: Leaving directory '/home/jetson/SourceCode/workspace/opencv-4.5.0/release/CMakeFiles/CMakeTmp'

===== END =====

Build output check failed:
    Regex: 'command[- ]line option .* is valid for .* but not for C\+\+'
    Output line: 'cc1plus: warning: command line option ‘-Wno-missing-prototypes’ is valid for C/ObjC but not for C++'
Compilation failed:
    source file: '/home/jetson/SourceCode/workspace/opencv-4.5.0/release/CMakeFiles/CMakeTmp/src.cxx'
    check option: ' -Wno-missing-prototypes'
===== BUILD LOG =====
Change Dir: /home/jetson/SourceCode/workspace/opencv-4.5.0/release/CMakeFiles/CMakeTmp

Run Build Command:"/usr/bin/make" "cmTC_08328/fast"
/usr/bin/make -f CMakeFiles/cmTC_08328.dir/build.make CMakeFiles/cmTC_08328.dir/build
make[1]: Entering directory '/home/jetson/SourceCode/workspace/opencv-4.5.0/release/CMakeFiles/CMakeTmp'
Building CXX object CMakeFiles/cmTC_08328.dir/src.cxx.o
/usr/bin/c++    -fsigned-char -W -Wall -Werror=return-type -Werror=non-virtual-dtor -Werror=address -Werror=sequence-point -Wformat -Werror=format-security -Winit-self -Wpointer-arith -Wsign-promo -Winit-self -Wno-delete-non-virtual-dtor -Wno-comment -Wno-strict-overflow -fdiagnostics-show-option -pthread -fomit-frame-pointer -ffunction-sections -fdata-sections    -fvisibility=hidden -fvisibility-inlines-hidden -Wno-shadow -Wno-unused -Wno-sign-compare -Wno-undef -Wno-missing-declarations -Wno-uninitialized -Wno-switch -Wno-parentheses -Wno-array-bounds -Wno-extra -Wno-deprecated-declarations -Wno-misleading-indentation -Wno-deprecated -Wno-suggest-override -Wno-implicit-fallthrough -Wno-tautological-compare  -O3 -DNDEBUG  -DNDEBUG -fPIE   -Wno-missing-prototypes -std=c++11 -o CMakeFiles/cmTC_08328.dir/src.cxx.o -c /home/jetson/SourceCode/workspace/opencv-4.5.0/release/CMakeFiles/CMakeTmp/src.cxx
cc1plus: warning: command line option ‘-Wno-missing-prototypes’ is valid for C/ObjC but not for C++
/home/jetson/SourceCode/workspace/opencv-4.5.0/release/CMakeFiles/CMakeTmp/src.cxx:1:0: warning: ignoring #pragma   [-Wunknown-pragmas]
 #pragma
 
Linking CXX executable cmTC_08328
/usr/bin/cmake -E cmake_link_script CMakeFiles/cmTC_08328.dir/link.txt --verbose=1
/usr/bin/c++     -fsigned-char -W -Wall -Werror=return-type -Werror=non-virtual-dtor -Werror=address -Werror=sequence-point -Wformat -Werror=format-security -Winit-self -Wpointer-arith -Wsign-promo -Winit-self -Wno-delete-non-virtual-dtor -Wno-comment -Wno-strict-overflow -fdiagnostics-show-option -pthread -fomit-frame-pointer -ffunction-sections -fdata-sections    -fvisibility=hidden -fvisibility-inlines-hidden -Wno-shadow -Wno-unused -Wno-sign-compare -Wno-undef -Wno-missing-declarations -Wno-uninitialized -Wno-switch -Wno-parentheses -Wno-array-bounds -Wno-extra -Wno-deprecated-declarations -Wno-misleading-indentation -Wno-deprecated -Wno-suggest-override -Wno-implicit-fallthrough -Wno-tautological-compare  -O3 -DNDEBUG  -DNDEBUG    -Wl,--gc-sections -Wl,--as-needed  CMakeFiles/cmTC_08328.dir/src.cxx.o  -o cmTC_08328 
make[1]: Leaving directory '/home/jetson/SourceCode/workspace/opencv-4.5.0/release/CMakeFiles/CMakeTmp'

===== END =====

Build output check failed:
    Regex: 'unrecognized .*option'
    Output line: 'cc1plus: warning: unrecognized command line option ‘-Wno-tautological-undefined-compare’'
Compilation failed:
    source file: '/home/jetson/SourceCode/workspace/opencv-4.5.0/release/CMakeFiles/CMakeTmp/src.cxx'
    check option: ' -Wno-tautological-undefined-compare'
===== BUILD LOG =====
Change Dir: /home/jetson/SourceCode/workspace/opencv-4.5.0/release/CMakeFiles/CMakeTmp

Run Build Command:"/usr/bin/make" "cmTC_172f2/fast"
/usr/bin/make -f CMakeFiles/cmTC_172f2.dir/build.make CMakeFiles/cmTC_172f2.dir/build
make[1]: Entering directory '/home/jetson/SourceCode/workspace/opencv-4.5.0/release/CMakeFiles/CMakeTmp'
Building CXX object CMakeFiles/cmTC_172f2.dir/src.cxx.o
/usr/bin/c++    -fsigned-char -W -Wall -Werror=return-type -Werror=non-virtual-dtor -Werror=address -Werror=sequence-point -Wformat -Werror=format-security -Winit-self -Wpointer-arith -Wuninitialized -Winit-self -Wsuggest-override -Wno-delete-non-virtual-dtor -Wno-comment -Wimplicit-fallthrough=3 -Wno-strict-overflow -fdiagnostics-show-option -pthread -fomit-frame-pointer -ffunction-sections -fdata-sections    -fvisibility=hidden -fvisibility-inlines-hidden -Wno-deprecated -Wno-missing-declarations -Wno-shadow -Wno-unused-parameter -Wno-unused-local-typedefs -Wno-sign-compare -Wno-sign-promo -Wno-undef  -O3 -DNDEBUG  -DNDEBUG -fPIE   -Wno-tautological-undefined-compare -std=c++11 -o CMakeFiles/cmTC_172f2.dir/src.cxx.o -c /home/jetson/SourceCode/workspace/opencv-4.5.0/release/CMakeFiles/CMakeTmp/src.cxx
/home/jetson/SourceCode/workspace/opencv-4.5.0/release/CMakeFiles/CMakeTmp/src.cxx:1:0: warning: ignoring #pragma   [-Wunknown-pragmas]
 #pragma
 
cc1plus: warning: unrecognized command line option ‘-Wno-tautological-undefined-compare’
Linking CXX executable cmTC_172f2
/usr/bin/cmake -E cmake_link_script CMakeFiles/cmTC_172f2.dir/link.txt --verbose=1
/usr/bin/c++     -fsigned-char -W -Wall -Werror=return-type -Werror=non-virtual-dtor -Werror=address -Werror=sequence-point -Wformat -Werror=format-security -Winit-self -Wpointer-arith -Wuninitialized -Winit-self -Wsuggest-override -Wno-delete-non-virtual-dtor -Wno-comment -Wimplicit-fallthrough=3 -Wno-strict-overflow -fdiagnostics-show-option -pthread -fomit-frame-pointer -ffunction-sections -fdata-sections    -fvisibility=hidden -fvisibility-inlines-hidden -Wno-deprecated -Wno-missing-declarations -Wno-shadow -Wno-unused-parameter -Wno-unused-local-typedefs -Wno-sign-compare -Wno-sign-promo -Wno-undef  -O3 -DNDEBUG  -DNDEBUG    -Wl,--gc-sections -Wl,--as-needed  CMakeFiles/cmTC_172f2.dir/src.cxx.o  -o cmTC_172f2 
make[1]: Leaving directory '/home/jetson/SourceCode/workspace/opencv-4.5.0/release/CMakeFiles/CMakeTmp'

===== END =====

Build output check failed:
    Regex: 'unrecognized .*option'
    Output line: 'cc1plus: warning: unrecognized command line option ‘-Wno-shorten-64-to-32’'
Compilation failed:
    source file: '/home/jetson/SourceCode/workspace/opencv-4.5.0/release/CMakeFiles/CMakeTmp/src.cxx'
    check option: ' -Wno-shorten-64-to-32'
===== BUILD LOG =====
Change Dir: /home/jetson/SourceCode/workspace/opencv-4.5.0/release/CMakeFiles/CMakeTmp

Run Build Command:"/usr/bin/make" "cmTC_e29a4/fast"
/usr/bin/make -f CMakeFiles/cmTC_e29a4.dir/build.make CMakeFiles/cmTC_e29a4.dir/build
make[1]: Entering directory '/home/jetson/SourceCode/workspace/opencv-4.5.0/release/CMakeFiles/CMakeTmp'
Building CXX object CMakeFiles/cmTC_e29a4.dir/src.cxx.o
/usr/bin/c++    -fsigned-char -W -Wall -Werror=return-type -Werror=non-virtual-dtor -Werror=address -Werror=sequence-point -Wformat -Werror=format-security -Winit-self -Wpointer-arith -Wuninitialized -Winit-self -Wsuggest-override -Wno-delete-non-virtual-dtor -Wno-comment -Wimplicit-fallthrough=3 -Wno-strict-overflow -fdiagnostics-show-option -pthread -fomit-frame-pointer -ffunction-sections -fdata-sections    -fvisibility=hidden -fvisibility-inlines-hidden -Wno-deprecated -Wno-missing-declarations -Wno-shadow -Wno-unused-parameter -Wno-unused-local-typedefs -Wno-sign-compare -Wno-sign-promo -Wno-undef -Wno-ignored-qualifiers -Wno-extra -Wno-unused-function -Wno-unused-const-variable  -O3 -DNDEBUG  -DNDEBUG -fPIE   -Wno-shorten-64-to-32 -std=c++11 -o CMakeFiles/cmTC_e29a4.dir/src.cxx.o -c /home/jetson/SourceCode/workspace/opencv-4.5.0/release/CMakeFiles/CMakeTmp/src.cxx
/home/jetson/SourceCode/workspace/opencv-4.5.0/release/CMakeFiles/CMakeTmp/src.cxx:1:0: warning: ignoring #pragma   [-Wunknown-pragmas]
 #pragma
 
cc1plus: warning: unrecognized command line option ‘-Wno-shorten-64-to-32’
Linking CXX executable cmTC_e29a4
/usr/bin/cmake -E cmake_link_script CMakeFiles/cmTC_e29a4.dir/link.txt --verbose=1
/usr/bin/c++     -fsigned-char -W -Wall -Werror=return-type -Werror=non-virtual-dtor -Werror=address -Werror=sequence-point -Wformat -Werror=format-security -Winit-self -Wpointer-arith -Wuninitialized -Winit-self -Wsuggest-override -Wno-delete-non-virtual-dtor -Wno-comment -Wimplicit-fallthrough=3 -Wno-strict-overflow -fdiagnostics-show-option -pthread -fomit-frame-pointer -ffunction-sections -fdata-sections    -fvisibility=hidden -fvisibility-inlines-hidden -Wno-deprecated -Wno-missing-declarations -Wno-shadow -Wno-unused-parameter -Wno-unused-local-typedefs -Wno-sign-compare -Wno-sign-promo -Wno-undef -Wno-ignored-qualifiers -Wno-extra -Wno-unused-function -Wno-unused-const-variable  -O3 -DNDEBUG  -DNDEBUG    -Wl,--gc-sections -Wl,--as-needed  CMakeFiles/cmTC_e29a4.dir/src.cxx.o  -o cmTC_e29a4 
make[1]: Leaving directory '/home/jetson/SourceCode/workspace/opencv-4.5.0/release/CMakeFiles/CMakeTmp'

===== END =====

Build output check failed:
    Regex: 'unrecognized .*option'
    Output line: 'cc1plus: warning: unrecognized command line option ‘-Wno-enum-compare-switch’'
Compilation failed:
    source file: '/home/jetson/SourceCode/workspace/opencv-4.5.0/release/CMakeFiles/CMakeTmp/src.cxx'
    check option: ' -Wno-enum-compare-switch'
===== BUILD LOG =====
Change Dir: /home/jetson/SourceCode/workspace/opencv-4.5.0/release/CMakeFiles/CMakeTmp

Run Build Command:"/usr/bin/make" "cmTC_6fc45/fast"
/usr/bin/make -f CMakeFiles/cmTC_6fc45.dir/build.make CMakeFiles/cmTC_6fc45.dir/build
make[1]: Entering directory '/home/jetson/SourceCode/workspace/opencv-4.5.0/release/CMakeFiles/CMakeTmp'
Building CXX object CMakeFiles/cmTC_6fc45.dir/src.cxx.o
/usr/bin/c++    -fsigned-char -W -Wall -Werror=return-type -Werror=non-virtual-dtor -Werror=address -Werror=sequence-point -Wformat -Werror=format-security -Winit-self -Wpointer-arith -Wuninitialized -Winit-self -Wsuggest-override -Wno-delete-non-virtual-dtor -Wno-comment -Wimplicit-fallthrough=3 -Wno-strict-overflow -fdiagnostics-show-option -pthread -fomit-frame-pointer -ffunction-sections -fdata-sections    -fvisibility=hidden -fvisibility-inlines-hidden -Wno-deprecated -Wno-missing-declarations -Wno-shadow -Wno-unused-parameter -Wno-unused-local-typedefs -Wno-sign-compare -Wno-sign-promo -Wno-undef -Wno-ignored-qualifiers -Wno-extra -Wno-unused-function -Wno-unused-const-variable -Wno-invalid-offsetof  -O3 -DNDEBUG  -DNDEBUG -fPIE   -Wno-enum-compare-switch -std=c++11 -o CMakeFiles/cmTC_6fc45.dir/src.cxx.o -c /home/jetson/SourceCode/workspace/opencv-4.5.0/release/CMakeFiles/CMakeTmp/src.cxx
/home/jetson/SourceCode/workspace/opencv-4.5.0/release/CMakeFiles/CMakeTmp/src.cxx:1:0: warning: ignoring #pragma   [-Wunknown-pragmas]
 #pragma
 
cc1plus: warning: unrecognized command line option ‘-Wno-enum-compare-switch’
Linking CXX executable cmTC_6fc45
/usr/bin/cmake -E cmake_link_script CMakeFiles/cmTC_6fc45.dir/link.txt --verbose=1
/usr/bin/c++     -fsigned-char -W -Wall -Werror=return-type -Werror=non-virtual-dtor -Werror=address -Werror=sequence-point -Wformat -Werror=format-security -Winit-self -Wpointer-arith -Wuninitialized -Winit-self -Wsuggest-override -Wno-delete-non-virtual-dtor -Wno-comment -Wimplicit-fallthrough=3 -Wno-strict-overflow -fdiagnostics-show-option -pthread -fomit-frame-pointer -ffunction-sections -fdata-sections    -fvisibility=hidden -fvisibility-inlines-hidden -Wno-deprecated -Wno-missing-declarations -Wno-shadow -Wno-unused-parameter -Wno-unused-local-typedefs -Wno-sign-compare -Wno-sign-promo -Wno-undef -Wno-ignored-qualifiers -Wno-extra -Wno-unused-function -Wno-unused-const-variable -Wno-invalid-offsetof  -O3 -DNDEBUG  -DNDEBUG    -Wl,--gc-sections -Wl,--as-needed  CMakeFiles/cmTC_6fc45.dir/src.cxx.o  -o cmTC_6fc45 
make[1]: Leaving directory '/home/jetson/SourceCode/workspace/opencv-4.5.0/release/CMakeFiles/CMakeTmp'

===== END =====

Determining if the include file sys/videoio.h exists failed with the following output:
Change Dir: /home/jetson/SourceCode/workspace/opencv-4.5.0/release/CMakeFiles/CMakeTmp

Run Build Command:"/usr/bin/make" "cmTC_89ca6/fast"
/usr/bin/make -f CMakeFiles/cmTC_89ca6.dir/build.make CMakeFiles/cmTC_89ca6.dir/build
make[1]: Entering directory '/home/jetson/SourceCode/workspace/opencv-4.5.0/release/CMakeFiles/CMakeTmp'
Building C object CMakeFiles/cmTC_89ca6.dir/CheckIncludeFile.c.o
/usr/bin/cc   -fsigned-char -W -Wall -Werror=return-type -Werror=address -Werror=sequence-point -Wformat -Werror=format-security -Wmissing-declarations -Wmissing-prototypes -Wstrict-prototypes -Wundef -Winit-self -Wpointer-arith -Wshadow -Wuninitialized -Winit-self -Wno-comment -Wimplicit-fallthrough=3 -Wno-strict-overflow -fdiagnostics-show-option -pthread -fomit-frame-pointer -ffunction-sections -fdata-sections    -fvisibility=hidden  -O3 -DNDEBUG  -DNDEBUG -fPIE   -o CMakeFiles/cmTC_89ca6.dir/CheckIncludeFile.c.o   -c /home/jetson/SourceCode/workspace/opencv-4.5.0/release/CMakeFiles/CMakeTmp/CheckIncludeFile.c
/home/jetson/SourceCode/workspace/opencv-4.5.0/release/CMakeFiles/CMakeTmp/CheckIncludeFile.c:1:10: fatal error: sys/videoio.h: No such file or directory
 #include <sys/videoio.h>
          ^~~~~~~~~~~~~~~
compilation terminated.
CMakeFiles/cmTC_89ca6.dir/build.make:65: recipe for target 'CMakeFiles/cmTC_89ca6.dir/CheckIncludeFile.c.o' failed
make[1]: *** [CMakeFiles/cmTC_89ca6.dir/CheckIncludeFile.c.o] Error 1
make[1]: Leaving directory '/home/jetson/SourceCode/workspace/opencv-4.5.0/release/CMakeFiles/CMakeTmp'
Makefile:126: recipe for target 'cmTC_89ca6/fast' failed
make: *** [cmTC_89ca6/fast] Error 2


Build output check failed:
    Regex: 'unrecognized .*option'
    Output line: 'cc1plus: warning: unrecognized command line option ‘-Wno-unused-private-field’'
Compilation failed:
    source file: '/home/jetson/SourceCode/workspace/opencv-4.5.0/release/CMakeFiles/CMakeTmp/src.cxx'
    check option: ' -Wno-unused-private-field'
===== BUILD LOG =====
Change Dir: /home/jetson/SourceCode/workspace/opencv-4.5.0/release/CMakeFiles/CMakeTmp

Run Build Command:"/usr/bin/make" "cmTC_c48e7/fast"
/usr/bin/make -f CMakeFiles/cmTC_c48e7.dir/build.make CMakeFiles/cmTC_c48e7.dir/build
make[1]: Entering directory '/home/jetson/SourceCode/workspace/opencv-4.5.0/release/CMakeFiles/CMakeTmp'
Building CXX object CMakeFiles/cmTC_c48e7.dir/src.cxx.o
/usr/bin/c++    -fsigned-char -W -Wall -Werror=return-type -Werror=non-virtual-dtor -Werror=address -Werror=sequence-point -Wformat -Werror=format-security -Wmissing-declarations -Wundef -Winit-self -Wpointer-arith -Wshadow -Wsign-promo -Wuninitialized -Winit-self -Wsuggest-override -Wno-delete-non-virtual-dtor -Wno-comment -Wimplicit-fallthrough=3 -Wno-strict-overflow -fdiagnostics-show-option -pthread -fomit-frame-pointer -ffunction-sections -fdata-sections    -fvisibility=hidden -fvisibility-inlines-hidden -Wno-unused-function -Wno-deprecated-declarations -Wno-overloaded-virtual  -O3 -DNDEBUG  -DNDEBUG -fPIE   -Wno-unused-private-field -std=c++11 -o CMakeFiles/cmTC_c48e7.dir/src.cxx.o -c /home/jetson/SourceCode/workspace/opencv-4.5.0/release/CMakeFiles/CMakeTmp/src.cxx
/home/jetson/SourceCode/workspace/opencv-4.5.0/release/CMakeFiles/CMakeTmp/src.cxx:1:0: warning: ignoring #pragma   [-Wunknown-pragmas]
 #pragma
 
cc1plus: warning: unrecognized command line option ‘-Wno-unused-private-field’
Linking CXX executable cmTC_c48e7
/usr/bin/cmake -E cmake_link_script CMakeFiles/cmTC_c48e7.dir/link.txt --verbose=1
/usr/bin/c++     -fsigned-char -W -Wall -Werror=return-type -Werror=non-virtual-dtor -Werror=address -Werror=sequence-point -Wformat -Werror=format-security -Wmissing-declarations -Wundef -Winit-self -Wpointer-arith -Wshadow -Wsign-promo -Wuninitialized -Winit-self -Wsuggest-override -Wno-delete-non-virtual-dtor -Wno-comment -Wimplicit-fallthrough=3 -Wno-strict-overflow -fdiagnostics-show-option -pthread -fomit-frame-pointer -ffunction-sections -fdata-sections    -fvisibility=hidden -fvisibility-inlines-hidden -Wno-unused-function -Wno-deprecated-declarations -Wno-overloaded-virtual  -O3 -DNDEBUG  -DNDEBUG    -Wl,--gc-sections -Wl,--as-needed  CMakeFiles/cmTC_c48e7.dir/src.cxx.o  -o cmTC_c48e7 
make[1]: Leaving directory '/home/jetson/SourceCode/workspace/opencv-4.5.0/release/CMakeFiles/CMakeTmp'

===== END =====

